{"uuid":"96a02246-7c5e-459e-808a-b347984c4cf4","historyId":"8634fe29c896f77ad62266070a5c7808","fullName":"com.digital.ui.pages.alerts_frame_windows.FramesTest.goToFrame","labels":[{"name":"package","value":"com.digital.ui.pages.alerts_frame_windows.FramesTest"},{"name":"testClass","value":"com.digital.ui.pages.alerts_frame_windows.FramesTest"},{"name":"testMethod","value":"goToFrame"},{"name":"parentSuite","value":"Default Suite"},{"name":"suite","value":"DemoQa_Selenide"},{"name":"subSuite","value":"com.digital.ui.pages.alerts_frame_windows.FramesTest"},{"name":"host","value":"Lenovo"},{"name":"thread","value":"2384@Lenovo.main(1)"},{"name":"framework","value":"testng"},{"name":"language","value":"java"}],"links":[],"name":"goToFrame","status":"failed","statusDetails":{"known":false,"muted":false,"flaky":false,"message":"Test com.digital.ui.pages.alerts_frame_windows.FramesTest.goToFrame failed (2 failures)\r\n\tcom.codeborne.selenide.ex.ElementShould: Element should have own text \"This is a sample page22\" {By.id: sampleHeading}\r\nElement: '<h1 id=\"sampleHeading\">This is a sample page</h1>'\r\nActual value: text=\"This is a sample page\"\r\nScreenshot: file:/E:/QA/DemoQa_Selenide/build/reports/tests/com/digital/ui/pages/alerts_frame_windows/FramesTest/goToFrame/1684939278969.0.png\r\nPage source: file:/E:/QA/DemoQa_Selenide/build/reports/tests/com/digital/ui/pages/alerts_frame_windows/FramesTest/goToFrame/1684939278969.0.html\r\nTimeout: 8 s.\r\n\tcom.codeborne.selenide.ex.ElementShould: Element should have text \"This is a sample 22page\" {By.id: sampleHeading}\r\nElement: '<h1 id=\"sampleHeading\">This is a sample page</h1>'\r\nActual value: text=\"This is a sample page\"\r\nScreenshot: file:/E:/QA/DemoQa_Selenide/build/reports/tests/com/digital/ui/pages/alerts_frame_windows/FramesTest/goToFrame/1684939287269.1.png\r\nPage source: file:/E:/QA/DemoQa_Selenide/build/reports/tests/com/digital/ui/pages/alerts_frame_windows/FramesTest/goToFrame/1684939287269.1.html\r\nTimeout: 8 s.","trace":"com.codeborne.selenide.ex.SoftAssertionError: Test com.digital.ui.pages.alerts_frame_windows.FramesTest.goToFrame failed (2 failures)\r\n\tcom.codeborne.selenide.ex.ElementShould: Element should have own text \"This is a sample page22\" {By.id: sampleHeading}\r\nElement: '<h1 id=\"sampleHeading\">This is a sample page</h1>'\r\nActual value: text=\"This is a sample page\"\r\nScreenshot: file:/E:/QA/DemoQa_Selenide/build/reports/tests/com/digital/ui/pages/alerts_frame_windows/FramesTest/goToFrame/1684939278969.0.png\r\nPage source: file:/E:/QA/DemoQa_Selenide/build/reports/tests/com/digital/ui/pages/alerts_frame_windows/FramesTest/goToFrame/1684939278969.0.html\r\nTimeout: 8 s.\r\n\tcom.codeborne.selenide.ex.ElementShould: Element should have text \"This is a sample 22page\" {By.id: sampleHeading}\r\nElement: '<h1 id=\"sampleHeading\">This is a sample page</h1>'\r\nActual value: text=\"This is a sample page\"\r\nScreenshot: file:/E:/QA/DemoQa_Selenide/build/reports/tests/com/digital/ui/pages/alerts_frame_windows/FramesTest/goToFrame/1684939287269.1.png\r\nPage source: file:/E:/QA/DemoQa_Selenide/build/reports/tests/com/digital/ui/pages/alerts_frame_windows/FramesTest/goToFrame/1684939287269.1.html\r\nTimeout: 8 s.\r\n\tat com.codeborne.selenide.logevents.ErrorsCollector.cleanAndGetAssertionError(ErrorsCollector.java:64)\r\n\tat com.codeborne.selenide.testng.SoftAsserts.failIfErrors(SoftAsserts.java:91)\r\n\tat com.codeborne.selenide.testng.SoftAsserts.onTestSuccess(SoftAsserts.java:41)\r\n\tat org.testng.internal.TestListenerHelper.runTestListeners(TestListenerHelper.java:100)\r\n\tat org.testng.internal.TestInvoker.runTestResultListener(TestInvoker.java:219)\r\n\tat org.testng.internal.TestInvoker.invokeMethod(TestInvoker.java:656)\r\n\tat org.testng.internal.TestInvoker.invokeTestMethod(TestInvoker.java:173)\r\n\tat org.testng.internal.MethodRunner.runInSequence(MethodRunner.java:46)\r\n\tat org.testng.internal.TestInvoker$MethodInvocationAgent.invoke(TestInvoker.java:824)\r\n\tat org.testng.internal.TestInvoker.invokeTestMethods(TestInvoker.java:146)\r\n\tat org.testng.internal.TestMethodWorker.invokeTestMethods(TestMethodWorker.java:146)\r\n\tat org.testng.internal.TestMethodWorker.run(TestMethodWorker.java:128)\r\n\tat java.base/java.util.ArrayList.forEach(ArrayList.java:1541)\r\n\tat org.testng.TestRunner.privateRun(TestRunner.java:794)\r\n\tat org.testng.TestRunner.run(TestRunner.java:596)\r\n\tat org.testng.SuiteRunner.runTest(SuiteRunner.java:377)\r\n\tat org.testng.SuiteRunner.runSequentially(SuiteRunner.java:371)\r\n\tat org.testng.SuiteRunner.privateRun(SuiteRunner.java:332)\r\n\tat org.testng.SuiteRunner.run(SuiteRunner.java:276)\r\n\tat org.testng.SuiteRunnerWorker.runSuite(SuiteRunnerWorker.java:53)\r\n\tat org.testng.SuiteRunnerWorker.run(SuiteRunnerWorker.java:96)\r\n\tat org.testng.TestNG.runSuitesSequentially(TestNG.java:1212)\r\n\tat org.testng.TestNG.runSuitesLocally(TestNG.java:1134)\r\n\tat org.testng.TestNG.runSuites(TestNG.java:1063)\r\n\tat org.testng.TestNG.run(TestNG.java:1031)\r\n\tat com.intellij.rt.testng.IDEARemoteTestNG.run(IDEARemoteTestNG.java:66)\r\n\tat com.intellij.rt.testng.RemoteTestNGStarter.main(RemoteTestNGStarter.java:109)\r\n"},"stage":"finished","steps":[],"attachments":[],"parameters":[],"start":1684939270636,"stop":1684939287554}