{"uuid":"bd12b64c-4d6a-4dae-81de-2f9ff21235b9","historyId":"5585e6c6433a88cb5a6c9567d03822f5","fullName":"com.digital.ui.pages.elements.ButtonsTest.will5SecButton","labels":[{"name":"package","value":"com.digital.ui.pages.elements.ButtonsTest"},{"name":"testClass","value":"com.digital.ui.pages.elements.ButtonsTest"},{"name":"testMethod","value":"will5SecButton"},{"name":"parentSuite","value":"Default Suite"},{"name":"suite","value":"DemoQa_Selenide"},{"name":"subSuite","value":"com.digital.ui.pages.elements.ButtonsTest"},{"name":"host","value":"Lenovo"},{"name":"thread","value":"16120@Lenovo.main(1)"},{"name":"framework","value":"testng"},{"name":"language","value":"java"}],"links":[],"name":"will5SecButton","status":"failed","statusDetails":{"known":false,"muted":false,"flaky":false,"message":"Alert not found\r\nScreenshot: file:/E:/QA/DemoQa_Selenide/build/reports/tests/com/digital/ui/pages/elements/ButtonsTest/will5SecButton/1684734387639.0.png\r\nPage source: file:/E:/QA/DemoQa_Selenide/build/reports/tests/com/digital/ui/pages/elements/ButtonsTest/will5SecButton/1684734387639.0.html\r\nTimeout: 1 s.\r\nCaused by: TimeoutException: Expected condition failed: waiting for alert to be present (tried for 1 second(s) with 200 milliseconds interval)","trace":"Alert not found\r\nScreenshot: file:/E:/QA/DemoQa_Selenide/build/reports/tests/com/digital/ui/pages/elements/ButtonsTest/will5SecButton/1684734387639.0.png\r\nPage source: file:/E:/QA/DemoQa_Selenide/build/reports/tests/com/digital/ui/pages/elements/ButtonsTest/will5SecButton/1684734387639.0.html\r\nTimeout: 1 s.\r\nCaused by: TimeoutException: Expected condition failed: waiting for alert to be present (tried for 1 second(s) with 200 milliseconds interval)\r\n\tat com.codeborne.selenide.SelenideTargetLocator.alertNotFoundError(SelenideTargetLocator.java:310)\r\n\tat com.codeborne.selenide.SelenideTargetLocator.alert(SelenideTargetLocator.java:185)\r\n\tat com.codeborne.selenide.SelenideTargetLocator.alert(SelenideTargetLocator.java:175)\r\n\tat com.digital.ui.pages.elements.Buttons.clickTimeAlert(Buttons.java:21)\r\n\tat com.digital.ui.pages.elements.ButtonsTest.will5SecButton(ButtonsTest.java:20)\r\n\tat java.base/jdk.internal.reflect.NativeMethodAccessorImpl.invoke0(Native Method)\r\n\tat java.base/jdk.internal.reflect.NativeMethodAccessorImpl.invoke(NativeMethodAccessorImpl.java:62)\r\n\tat java.base/jdk.internal.reflect.DelegatingMethodAccessorImpl.invoke(DelegatingMethodAccessorImpl.java:43)\r\n\tat java.base/java.lang.reflect.Method.invoke(Method.java:566)\r\n\tat org.testng.internal.invokers.MethodInvocationHelper.invokeMethod(MethodInvocationHelper.java:139)\r\n\tat org.testng.internal.invokers.TestInvoker.invokeMethod(TestInvoker.java:677)\r\n\tat org.testng.internal.invokers.TestInvoker.invokeTestMethod(TestInvoker.java:221)\r\n\tat org.testng.internal.invokers.MethodRunner.runInSequence(MethodRunner.java:50)\r\n\tat org.testng.internal.invokers.TestInvoker$MethodInvocationAgent.invoke(TestInvoker.java:969)\r\n\tat org.testng.internal.invokers.TestInvoker.invokeTestMethods(TestInvoker.java:194)\r\n\tat org.testng.internal.invokers.TestMethodWorker.invokeTestMethods(TestMethodWorker.java:148)\r\n\tat org.testng.internal.invokers.TestMethodWorker.run(TestMethodWorker.java:128)\r\n\tat java.base/java.util.ArrayList.forEach(ArrayList.java:1541)\r\n\tat org.testng.TestRunner.privateRun(TestRunner.java:829)\r\n\tat org.testng.TestRunner.run(TestRunner.java:602)\r\n\tat org.testng.SuiteRunner.runTest(SuiteRunner.java:437)\r\n\tat org.testng.SuiteRunner.runSequentially(SuiteRunner.java:431)\r\n\tat org.testng.SuiteRunner.privateRun(SuiteRunner.java:391)\r\n\tat org.testng.SuiteRunner.run(SuiteRunner.java:330)\r\n\tat org.testng.SuiteRunnerWorker.runSuite(SuiteRunnerWorker.java:52)\r\n\tat org.testng.SuiteRunnerWorker.run(SuiteRunnerWorker.java:95)\r\n\tat org.testng.TestNG.runSuitesSequentially(TestNG.java:1256)\r\n\tat org.testng.TestNG.runSuitesLocally(TestNG.java:1176)\r\n\tat org.testng.TestNG.runSuites(TestNG.java:1099)\r\n\tat org.testng.TestNG.run(TestNG.java:1067)\r\n\tat com.intellij.rt.testng.IDEARemoteTestNG.run(IDEARemoteTestNG.java:66)\r\n\tat com.intellij.rt.testng.RemoteTestNGStarter.main(RemoteTestNGStarter.java:109)\r\nCaused by: org.openqa.selenium.TimeoutException: Expected condition failed: waiting for alert to be present (tried for 1 second(s) with 200 milliseconds interval)\nBuild info: version: '4.9.1', revision: 'eb2032df7f'\nSystem info: os.name: 'Windows 10', os.arch: 'amd64', os.version: '10.0', java.version: '11.0.18'\nDriver info: driver.version: unknown\r\n\tat org.openqa.selenium.support.ui.FluentWait.timeoutException(FluentWait.java:263)\r\n\tat org.openqa.selenium.support.ui.FluentWait.until(FluentWait.java:231)\r\n\tat com.codeborne.selenide.SelenideTargetLocator.alert(SelenideTargetLocator.java:182)\r\n\t... 30 more\r\n"},"stage":"finished","steps":[],"attachments":[],"parameters":[],"start":1684734386042,"stop":1684734387928}