{"uuid":"f56af562-a6e3-48da-a30e-dfc03161bab2","historyId":"e45426dfa63c3c5d4dac1d6b28887d44","fullName":"com.digital.ui.pages.widgets.SelectMenuTest.clickOption","labels":[{"name":"package","value":"com.digital.ui.pages.widgets.SelectMenuTest"},{"name":"testClass","value":"com.digital.ui.pages.widgets.SelectMenuTest"},{"name":"testMethod","value":"clickOption"},{"name":"parentSuite","value":"Default Suite"},{"name":"suite","value":"DemoQa_Selenide"},{"name":"subSuite","value":"com.digital.ui.pages.widgets.SelectMenuTest"},{"name":"host","value":"Lenovo"},{"name":"thread","value":"18684@Lenovo.main(1)"},{"name":"framework","value":"testng"},{"name":"language","value":"java"}],"links":[],"name":"clickOption","status":"failed","statusDetails":{"known":false,"muted":false,"flaky":false,"message":"Test com.digital.ui.pages.widgets.SelectMenuTest.clickOption failed (2 failures)\r\n\tjava.lang.IllegalStateException: No webdriver is bound to current thread: 1. You need to call open(url) first.\r\n\tjava.lang.IllegalStateException: No webdriver is bound to current thread: 1. You need to call open(url) first.","trace":"com.codeborne.selenide.ex.SoftAssertionError: Test com.digital.ui.pages.widgets.SelectMenuTest.clickOption failed (2 failures)\r\n\tjava.lang.IllegalStateException: No webdriver is bound to current thread: 1. You need to call open(url) first.\r\n\tjava.lang.IllegalStateException: No webdriver is bound to current thread: 1. You need to call open(url) first.\r\n\tat com.codeborne.selenide.logevents.ErrorsCollector.cleanAndGetAssertionError(ErrorsCollector.java:64)\r\n\tat com.codeborne.selenide.testng.SoftAsserts.failIfErrors(SoftAsserts.java:91)\r\n\tat com.codeborne.selenide.testng.SoftAsserts.onTestFailure(SoftAsserts.java:31)\r\n\tat org.testng.internal.TestListenerHelper.runTestListeners(TestListenerHelper.java:96)\r\n\tat org.testng.internal.TestInvoker.runTestResultListener(TestInvoker.java:219)\r\n\tat org.testng.internal.TestInvoker.invokeMethod(TestInvoker.java:656)\r\n\tat org.testng.internal.TestInvoker.invokeTestMethod(TestInvoker.java:173)\r\n\tat org.testng.internal.MethodRunner.runInSequence(MethodRunner.java:46)\r\n\tat org.testng.internal.TestInvoker$MethodInvocationAgent.invoke(TestInvoker.java:824)\r\n\tat org.testng.internal.TestInvoker.invokeTestMethods(TestInvoker.java:146)\r\n\tat org.testng.internal.TestMethodWorker.invokeTestMethods(TestMethodWorker.java:146)\r\n\tat org.testng.internal.TestMethodWorker.run(TestMethodWorker.java:128)\r\n\tat java.base/java.util.ArrayList.forEach(ArrayList.java:1541)\r\n\tat org.testng.TestRunner.privateRun(TestRunner.java:794)\r\n\tat org.testng.TestRunner.run(TestRunner.java:596)\r\n\tat org.testng.SuiteRunner.runTest(SuiteRunner.java:377)\r\n\tat org.testng.SuiteRunner.runSequentially(SuiteRunner.java:371)\r\n\tat org.testng.SuiteRunner.privateRun(SuiteRunner.java:332)\r\n\tat org.testng.SuiteRunner.run(SuiteRunner.java:276)\r\n\tat org.testng.SuiteRunnerWorker.runSuite(SuiteRunnerWorker.java:53)\r\n\tat org.testng.SuiteRunnerWorker.run(SuiteRunnerWorker.java:96)\r\n\tat org.testng.TestNG.runSuitesSequentially(TestNG.java:1212)\r\n\tat org.testng.TestNG.runSuitesLocally(TestNG.java:1134)\r\n\tat org.testng.TestNG.runSuites(TestNG.java:1063)\r\n\tat org.testng.TestNG.run(TestNG.java:1031)\r\n\tat com.intellij.rt.testng.IDEARemoteTestNG.run(IDEARemoteTestNG.java:66)\r\n\tat com.intellij.rt.testng.RemoteTestNGStarter.main(RemoteTestNGStarter.java:109)\r\n"},"stage":"finished","steps":[],"attachments":[],"parameters":[],"start":1685116664956,"stop":1685116665271}